2016-03-16 11:10:23 Error: [MissingControllerException] Controller class DashboardsController could not be found.
Exception Attributes: array (
  'class' => 'DashboardsController',
  'plugin' => NULL,
)
Request URL: /feedfinder-appmovement/dashboards
Stack Trace:
#0 /Applications/MAMP/htdocs/feedfinder-appmovement/app/webroot/index.php(118): Dispatcher->dispatch(Object(CakeRequest), Object(CakeResponse))
#1 {main}
2016-03-16 11:10:26 Error: [MissingControllerException] Controller class DashboardsController could not be found.
Exception Attributes: array (
  'class' => 'DashboardsController',
  'plugin' => NULL,
)
Request URL: /feedfinder-appmovement/
Stack Trace:
#0 /Applications/MAMP/htdocs/feedfinder-appmovement/app/webroot/index.php(118): Dispatcher->dispatch(Object(CakeRequest), Object(CakeResponse))
#1 {main}
2016-03-16 11:10:31 Error: [MissingControllerException] Controller class DashboardsController could not be found.
Exception Attributes: array (
  'class' => 'DashboardsController',
  'plugin' => NULL,
)
Request URL: /feedfinder-appmovement/
Stack Trace:
#0 /Applications/MAMP/htdocs/feedfinder-appmovement/app/webroot/index.php(118): Dispatcher->dispatch(Object(CakeRequest), Object(CakeResponse))
#1 {main}
2016-03-16 11:10:52 Error: [MissingControllerException] Controller class DashboardsController could not be found.
Exception Attributes: array (
  'class' => 'DashboardsController',
  'plugin' => NULL,
)
Request URL: /feedfinder-appmovement/
Stack Trace:
#0 /Applications/MAMP/htdocs/feedfinder-appmovement/app/webroot/index.php(118): Dispatcher->dispatch(Object(CakeRequest), Object(CakeResponse))
#1 {main}
2016-03-16 11:17:17 Error: [MissingViewException] View file "Dashboards/index.ctp" is missing.
Exception Attributes: array (
  'file' => 'Dashboards/index.ctp',
)
Request URL: /feedfinder-appmovement/
Stack Trace:
#0 /Applications/MAMP/htdocs/feedfinder-appmovement/lib/Cake/View/View.php(470): View->_getViewFileName(NULL)
#1 /Applications/MAMP/htdocs/feedfinder-appmovement/lib/Cake/Controller/Controller.php(960): View->render(NULL, NULL)
#2 /Applications/MAMP/htdocs/feedfinder-appmovement/lib/Cake/Routing/Dispatcher.php(200): Controller->render()
#3 /Applications/MAMP/htdocs/feedfinder-appmovement/lib/Cake/Routing/Dispatcher.php(167): Dispatcher->_invoke(Object(DashboardsController), Object(CakeRequest))
#4 /Applications/MAMP/htdocs/feedfinder-appmovement/app/webroot/index.php(118): Dispatcher->dispatch(Object(CakeRequest), Object(CakeResponse))
#5 {main}
2016-03-16 11:17:17 Error: [MissingControllerException] Controller class CssController could not be found.
Exception Attributes: array (
  'class' => 'CssController',
  'plugin' => NULL,
)
Request URL: /feedfinder-appmovement/css/cake.generic.css
Stack Trace:
#0 /Applications/MAMP/htdocs/feedfinder-appmovement/app/webroot/index.php(118): Dispatcher->dispatch(Object(CakeRequest), Object(CakeResponse))
#1 {main}
2016-03-16 11:18:25 Error: [MissingControllerException] Controller class JsController could not be found.
Exception Attributes: array (
  'class' => 'JsController',
  'plugin' => NULL,
)
Request URL: /feedfinder-appmovement/js/L.Control.Locate.min.js
Stack Trace:
#0 /Applications/MAMP/htdocs/feedfinder-appmovement/app/webroot/index.php(118): Dispatcher->dispatch(Object(CakeRequest), Object(CakeResponse))
#1 {main}
2016-03-16 11:18:25 Error: [MissingControllerException] Controller class JsController could not be found.
Exception Attributes: array (
  'class' => 'JsController',
  'plugin' => NULL,
)
Request URL: /feedfinder-appmovement/js/leaflet.spin.js
Stack Trace:
#0 /Applications/MAMP/htdocs/feedfinder-appmovement/app/webroot/index.php(118): Dispatcher->dispatch(Object(CakeRequest), Object(CakeResponse))
#1 {main}
2016-03-16 11:18:25 Error: [MissingControllerException] Controller class JsController could not be found.
Exception Attributes: array (
  'class' => 'JsController',
  'plugin' => NULL,
)
Request URL: /feedfinder-appmovement/js/L.TileLayer.BetterWMS.js
Stack Trace:
#0 /Applications/MAMP/htdocs/feedfinder-appmovement/app/webroot/index.php(118): Dispatcher->dispatch(Object(CakeRequest), Object(CakeResponse))
#1 {main}
2016-03-16 11:18:25 Error: [MissingControllerException] Controller class CssController could not be found.
Exception Attributes: array (
  'class' => 'CssController',
  'plugin' => NULL,
)
Request URL: /feedfinder-appmovement/css/main.css
Stack Trace:
#0 /Applications/MAMP/htdocs/feedfinder-appmovement/app/webroot/index.php(118): Dispatcher->dispatch(Object(CakeRequest), Object(CakeResponse))
#1 {main}
2016-03-16 11:18:25 Error: [MissingControllerException] Controller class CssController could not be found.
Exception Attributes: array (
  'class' => 'CssController',
  'plugin' => NULL,
)
Request URL: /feedfinder-appmovement/css/jquery-ui.css
Stack Trace:
#0 /Applications/MAMP/htdocs/feedfinder-appmovement/app/webroot/index.php(118): Dispatcher->dispatch(Object(CakeRequest), Object(CakeResponse))
#1 {main}
2016-03-16 11:18:25 Error: [MissingControllerException] Controller class JsController could not be found.
Exception Attributes: array (
  'class' => 'JsController',
  'plugin' => NULL,
)
Request URL: /feedfinder-appmovement/js/styledLayerControl.js
Stack Trace:
#0 /Applications/MAMP/htdocs/feedfinder-appmovement/app/webroot/index.php(118): Dispatcher->dispatch(Object(CakeRequest), Object(CakeResponse))
#1 {main}
2016-03-16 11:18:25 Error: [MissingControllerException] Controller class CssController could not be found.
Exception Attributes: array (
  'class' => 'CssController',
  'plugin' => NULL,
)
Request URL: /feedfinder-appmovement/css/bootstrap.min.css
Stack Trace:
#0 /Applications/MAMP/htdocs/feedfinder-appmovement/app/webroot/index.php(118): Dispatcher->dispatch(Object(CakeRequest), Object(CakeResponse))
#1 {main}
2016-03-16 11:18:25 Error: [MissingControllerException] Controller class CssController could not be found.
Exception Attributes: array (
  'class' => 'CssController',
  'plugin' => NULL,
)
Request URL: /feedfinder-appmovement/css/Control.Loading.css
Stack Trace:
#0 /Applications/MAMP/htdocs/feedfinder-appmovement/app/webroot/index.php(118): Dispatcher->dispatch(Object(CakeRequest), Object(CakeResponse))
#1 {main}
2016-03-16 11:18:25 Error: [MissingControllerException] Controller class CssController could not be found.
Exception Attributes: array (
  'class' => 'CssController',
  'plugin' => NULL,
)
Request URL: /feedfinder-appmovement/css/L.Control.Locate.min.css
Stack Trace:
#0 /Applications/MAMP/htdocs/feedfinder-appmovement/app/webroot/index.php(118): Dispatcher->dispatch(Object(CakeRequest), Object(CakeResponse))
#1 {main}
2016-03-16 11:18:25 Error: [MissingControllerException] Controller class CssController could not be found.
Exception Attributes: array (
  'class' => 'CssController',
  'plugin' => NULL,
)
Request URL: /feedfinder-appmovement/css/Control.Geocoder.css
Stack Trace:
#0 /Applications/MAMP/htdocs/feedfinder-appmovement/app/webroot/index.php(118): Dispatcher->dispatch(Object(CakeRequest), Object(CakeResponse))
#1 {main}
2016-03-16 11:18:25 Error: [MissingControllerException] Controller class CssController could not be found.
Exception Attributes: array (
  'class' => 'CssController',
  'plugin' => NULL,
)
Request URL: /feedfinder-appmovement/css/stats.css
Stack Trace:
#0 /Applications/MAMP/htdocs/feedfinder-appmovement/app/webroot/index.php(118): Dispatcher->dispatch(Object(CakeRequest), Object(CakeResponse))
#1 {main}
2016-03-16 11:18:25 Error: [MissingControllerException] Controller class CssController could not be found.
Exception Attributes: array (
  'class' => 'CssController',
  'plugin' => NULL,
)
Request URL: /feedfinder-appmovement/css/leaflet-sidebar.css
Stack Trace:
#0 /Applications/MAMP/htdocs/feedfinder-appmovement/app/webroot/index.php(118): Dispatcher->dispatch(Object(CakeRequest), Object(CakeResponse))
#1 {main}
2016-03-16 11:18:25 Error: [MissingControllerException] Controller class JsController could not be found.
Exception Attributes: array (
  'class' => 'JsController',
  'plugin' => NULL,
)
Request URL: /feedfinder-appmovement/js/jquery-ui.js
Stack Trace:
#0 /Applications/MAMP/htdocs/feedfinder-appmovement/app/webroot/index.php(118): Dispatcher->dispatch(Object(CakeRequest), Object(CakeResponse))
#1 {main}
2016-03-16 11:18:25 Error: [MissingControllerException] Controller class JsController could not be found.
Exception Attributes: array (
  'class' => 'JsController',
  'plugin' => NULL,
)
Request URL: /feedfinder-appmovement/js/contact.js
Stack Trace:
#0 /Applications/MAMP/htdocs/feedfinder-appmovement/app/webroot/index.php(118): Dispatcher->dispatch(Object(CakeRequest), Object(CakeResponse))
#1 {main}
2016-03-16 11:18:25 Error: [MissingControllerException] Controller class JsController could not be found.
Exception Attributes: array (
  'class' => 'JsController',
  'plugin' => NULL,
)
Request URL: /feedfinder-appmovement/js/spin.min.js
Stack Trace:
#0 /Applications/MAMP/htdocs/feedfinder-appmovement/app/webroot/index.php(118): Dispatcher->dispatch(Object(CakeRequest), Object(CakeResponse))
#1 {main}
2016-03-16 11:18:25 Error: [MissingControllerException] Controller class JsController could not be found.
Exception Attributes: array (
  'class' => 'JsController',
  'plugin' => NULL,
)
Request URL: /feedfinder-appmovement/js/leaflet-sidebar.js
Stack Trace:
#0 /Applications/MAMP/htdocs/feedfinder-appmovement/app/webroot/index.php(118): Dispatcher->dispatch(Object(CakeRequest), Object(CakeResponse))
#1 {main}
2016-03-16 11:18:25 Error: [MissingControllerException] Controller class JsController could not be found.
Exception Attributes: array (
  'class' => 'JsController',
  'plugin' => NULL,
)
Request URL: /feedfinder-appmovement/js/Control.Geocoder.js
Stack Trace:
#0 /Applications/MAMP/htdocs/feedfinder-appmovement/app/webroot/index.php(118): Dispatcher->dispatch(Object(CakeRequest), Object(CakeResponse))
#1 {main}
2016-03-16 11:18:25 Error: [MissingControllerException] Controller class JsController could not be found.
Exception Attributes: array (
  'class' => 'JsController',
  'plugin' => NULL,
)
Request URL: /feedfinder-appmovement/js/leaflet-map.js
Stack Trace:
#0 /Applications/MAMP/htdocs/feedfinder-appmovement/app/webroot/index.php(118): Dispatcher->dispatch(Object(CakeRequest), Object(CakeResponse))
#1 {main}
2016-03-16 11:28:46 Error: [MissingControllerException] Controller class JsController could not be found.
Exception Attributes: array (
  'class' => 'JsController',
  'plugin' => NULL,
)
Request URL: /feedfinder-appmovement/js/Control.Geocoder.js
Stack Trace:
#0 /Applications/MAMP/htdocs/feedfinder-appmovement/app/webroot/index.php(118): Dispatcher->dispatch(Object(CakeRequest), Object(CakeResponse))
#1 {main}
2016-03-16 11:28:46 Error: [MissingControllerException] Controller class JsController could not be found.
Exception Attributes: array (
  'class' => 'JsController',
  'plugin' => NULL,
)
Request URL: /feedfinder-appmovement/js/spin.min.js
Stack Trace:
#0 /Applications/MAMP/htdocs/feedfinder-appmovement/app/webroot/index.php(118): Dispatcher->dispatch(Object(CakeRequest), Object(CakeResponse))
#1 {main}
2016-03-16 11:28:46 Error: [MissingControllerException] Controller class CssController could not be found.
Exception Attributes: array (
  'class' => 'CssController',
  'plugin' => NULL,
)
Request URL: /feedfinder-appmovement/css/Control.Geocoder.css
Stack Trace:
#0 /Applications/MAMP/htdocs/feedfinder-appmovement/app/webroot/index.php(118): Dispatcher->dispatch(Object(CakeRequest), Object(CakeResponse))
#1 {main}
2016-03-16 11:28:46 Error: [MissingControllerException] Controller class JsController could not be found.
Exception Attributes: array (
  'class' => 'JsController',
  'plugin' => NULL,
)
Request URL: /feedfinder-appmovement/js/L.TileLayer.BetterWMS.js
Stack Trace:
#0 /Applications/MAMP/htdocs/feedfinder-appmovement/app/webroot/index.php(118): Dispatcher->dispatch(Object(CakeRequest), Object(CakeResponse))
#1 {main}
2016-03-16 11:28:46 Error: [MissingControllerException] Controller class CssController could not be found.
Exception Attributes: array (
  'class' => 'CssController',
  'plugin' => NULL,
)
Request URL: /feedfinder-appmovement/css/leaflet-sidebar.css
Stack Trace:
#0 /Applications/MAMP/htdocs/feedfinder-appmovement/app/webroot/index.php(118): Dispatcher->dispatch(Object(CakeRequest), Object(CakeResponse))
#1 {main}
2016-03-16 11:28:46 Error: [MissingControllerException] Controller class CssController could not be found.
Exception Attributes: array (
  'class' => 'CssController',
  'plugin' => NULL,
)
Request URL: /feedfinder-appmovement/css/stats.css
Stack Trace:
#0 /Applications/MAMP/htdocs/feedfinder-appmovement/app/webroot/index.php(118): Dispatcher->dispatch(Object(CakeRequest), Object(CakeResponse))
#1 {main}
2016-03-16 11:28:46 Error: [MissingControllerException] Controller class JsController could not be found.
Exception Attributes: array (
  'class' => 'JsController',
  'plugin' => NULL,
)
Request URL: /feedfinder-appmovement/js/styledLayerControl.js
Stack Trace:
#0 /Applications/MAMP/htdocs/feedfinder-appmovement/app/webroot/index.php(118): Dispatcher->dispatch(Object(CakeRequest), Object(CakeResponse))
#1 {main}
2016-03-16 11:28:46 Error: [MissingControllerException] Controller class JsController could not be found.
Exception Attributes: array (
  'class' => 'JsController',
  'plugin' => NULL,
)
Request URL: /feedfinder-appmovement/js/L.Control.Locate.min.js
Stack Trace:
#0 /Applications/MAMP/htdocs/feedfinder-appmovement/app/webroot/index.php(118): Dispatcher->dispatch(Object(CakeRequest), Object(CakeResponse))
#1 {main}
2016-03-16 11:28:46 Error: [MissingControllerException] Controller class CssController could not be found.
Exception Attributes: array (
  'class' => 'CssController',
  'plugin' => NULL,
)
Request URL: /feedfinder-appmovement/css/L.Control.Locate.min.css
Stack Trace:
#0 /Applications/MAMP/htdocs/feedfinder-appmovement/app/webroot/index.php(118): Dispatcher->dispatch(Object(CakeRequest), Object(CakeResponse))
#1 {main}
2016-03-16 11:28:46 Error: [MissingControllerException] Controller class JsController could not be found.
Exception Attributes: array (
  'class' => 'JsController',
  'plugin' => NULL,
)
Request URL: /feedfinder-appmovement/js/leaflet.spin.js
Stack Trace:
#0 /Applications/MAMP/htdocs/feedfinder-appmovement/app/webroot/index.php(118): Dispatcher->dispatch(Object(CakeRequest), Object(CakeResponse))
#1 {main}
2016-03-16 11:28:46 Error: [MissingControllerException] Controller class JsController could not be found.
Exception Attributes: array (
  'class' => 'JsController',
  'plugin' => NULL,
)
Request URL: /feedfinder-appmovement/js/leaflet-map.js
Stack Trace:
#0 /Applications/MAMP/htdocs/feedfinder-appmovement/app/webroot/index.php(118): Dispatcher->dispatch(Object(CakeRequest), Object(CakeResponse))
#1 {main}
2016-03-16 11:28:46 Error: [MissingControllerException] Controller class JsController could not be found.
Exception Attributes: array (
  'class' => 'JsController',
  'plugin' => NULL,
)
Request URL: /feedfinder-appmovement/js/leaflet-sidebar.js
Stack Trace:
#0 /Applications/MAMP/htdocs/feedfinder-appmovement/app/webroot/index.php(118): Dispatcher->dispatch(Object(CakeRequest), Object(CakeResponse))
#1 {main}
2016-03-16 11:30:12 Error: Fatal Error (4): syntax error, unexpected '$this' (T_VARIABLE) in [/Applications/MAMP/htdocs/feedfinder-appmovement/app/View/Layouts/default.ctp, line 56]
2016-03-16 11:30:12 Error: [FatalErrorException] syntax error, unexpected '$this' (T_VARIABLE)
Request URL: /feedfinder-appmovement/
Stack Trace:
#0 /Applications/MAMP/htdocs/feedfinder-appmovement/lib/Cake/Error/ErrorHandler.php(213): ErrorHandler::handleFatalError(4, 'syntax error, u...', '/Applications/M...', 56)
#1 [internal function]: ErrorHandler::handleError(4, 'syntax error, u...', '/Applications/M...', 56, Array)
#2 /Applications/MAMP/htdocs/feedfinder-appmovement/lib/Cake/Core/App.php(933): call_user_func('ErrorHandler::h...', 4, 'syntax error, u...', '/Applications/M...', 56, Array)
#3 /Applications/MAMP/htdocs/feedfinder-appmovement/lib/Cake/Core/App.php(906): App::_checkFatalError()
#4 [internal function]: App::shutdown()
#5 {main}
2016-03-16 11:30:22 Error: [MissingControllerException] Controller class JsController could not be found.
Exception Attributes: array (
  'class' => 'JsController',
  'plugin' => NULL,
)
Request URL: /feedfinder-appmovement/js/styledLayerControl.js
Stack Trace:
#0 /Applications/MAMP/htdocs/feedfinder-appmovement/app/webroot/index.php(118): Dispatcher->dispatch(Object(CakeRequest), Object(CakeResponse))
#1 {main}
2016-03-16 11:30:22 Error: [MissingControllerException] Controller class JsController could not be found.
Exception Attributes: array (
  'class' => 'JsController',
  'plugin' => NULL,
)
Request URL: /feedfinder-appmovement/js/L.TileLayer.BetterWMS.js
Stack Trace:
#0 /Applications/MAMP/htdocs/feedfinder-appmovement/app/webroot/index.php(118): Dispatcher->dispatch(Object(CakeRequest), Object(CakeResponse))
#1 {main}
2016-03-16 11:30:22 Error: [MissingControllerException] Controller class JsController could not be found.
Exception Attributes: array (
  'class' => 'JsController',
  'plugin' => NULL,
)
Request URL: /feedfinder-appmovement/js/leaflet.spin.js
Stack Trace:
#0 /Applications/MAMP/htdocs/feedfinder-appmovement/app/webroot/index.php(118): Dispatcher->dispatch(Object(CakeRequest), Object(CakeResponse))
#1 {main}
2016-03-16 11:30:22 Error: [MissingControllerException] Controller class CssController could not be found.
Exception Attributes: array (
  'class' => 'CssController',
  'plugin' => NULL,
)
Request URL: /feedfinder-appmovement/css/stats.css
Stack Trace:
#0 /Applications/MAMP/htdocs/feedfinder-appmovement/app/webroot/index.php(118): Dispatcher->dispatch(Object(CakeRequest), Object(CakeResponse))
#1 {main}
2016-03-16 11:30:22 Error: [MissingControllerException] Controller class CssController could not be found.
Exception Attributes: array (
  'class' => 'CssController',
  'plugin' => NULL,
)
Request URL: /feedfinder-appmovement/css/L.Control.Locate.min.css
Stack Trace:
#0 /Applications/MAMP/htdocs/feedfinder-appmovement/app/webroot/index.php(118): Dispatcher->dispatch(Object(CakeRequest), Object(CakeResponse))
#1 {main}
2016-03-16 11:30:22 Error: [MissingControllerException] Controller class JsController could not be found.
Exception Attributes: array (
  'class' => 'JsController',
  'plugin' => NULL,
)
Request URL: /feedfinder-appmovement/js/L.Control.Locate.min.js
Stack Trace:
#0 /Applications/MAMP/htdocs/feedfinder-appmovement/app/webroot/index.php(118): Dispatcher->dispatch(Object(CakeRequest), Object(CakeResponse))
#1 {main}
2016-03-16 11:30:22 Error: [MissingControllerException] Controller class CssController could not be found.
Exception Attributes: array (
  'class' => 'CssController',
  'plugin' => NULL,
)
Request URL: /feedfinder-appmovement/css/Control.Geocoder.css
Stack Trace:
#0 /Applications/MAMP/htdocs/feedfinder-appmovement/app/webroot/index.php(118): Dispatcher->dispatch(Object(CakeRequest), Object(CakeResponse))
#1 {main}
2016-03-16 11:30:22 Error: [MissingControllerException] Controller class CssController could not be found.
Exception Attributes: array (
  'class' => 'CssController',
  'plugin' => NULL,
)
Request URL: /feedfinder-appmovement/css/leaflet-sidebar.css
Stack Trace:
#0 /Applications/MAMP/htdocs/feedfinder-appmovement/app/webroot/index.php(118): Dispatcher->dispatch(Object(CakeRequest), Object(CakeResponse))
#1 {main}
2016-03-16 11:30:22 Error: [MissingControllerException] Controller class JsController could not be found.
Exception Attributes: array (
  'class' => 'JsController',
  'plugin' => NULL,
)
Request URL: /feedfinder-appmovement/js/leaflet-sidebar.js
Stack Trace:
#0 /Applications/MAMP/htdocs/feedfinder-appmovement/app/webroot/index.php(118): Dispatcher->dispatch(Object(CakeRequest), Object(CakeResponse))
#1 {main}
2016-03-16 11:30:22 Error: [MissingControllerException] Controller class JsController could not be found.
Exception Attributes: array (
  'class' => 'JsController',
  'plugin' => NULL,
)
Request URL: /feedfinder-appmovement/js/spin.min.js
Stack Trace:
#0 /Applications/MAMP/htdocs/feedfinder-appmovement/app/webroot/index.php(118): Dispatcher->dispatch(Object(CakeRequest), Object(CakeResponse))
#1 {main}
2016-03-16 11:30:22 Error: [MissingControllerException] Controller class JsController could not be found.
Exception Attributes: array (
  'class' => 'JsController',
  'plugin' => NULL,
)
Request URL: /feedfinder-appmovement/js/Control.Geocoder.js
Stack Trace:
#0 /Applications/MAMP/htdocs/feedfinder-appmovement/app/webroot/index.php(118): Dispatcher->dispatch(Object(CakeRequest), Object(CakeResponse))
#1 {main}
2016-03-16 11:30:22 Error: [MissingControllerException] Controller class JsController could not be found.
Exception Attributes: array (
  'class' => 'JsController',
  'plugin' => NULL,
)
Request URL: /feedfinder-appmovement/js/leaflet-map.js
Stack Trace:
#0 /Applications/MAMP/htdocs/feedfinder-appmovement/app/webroot/index.php(118): Dispatcher->dispatch(Object(CakeRequest), Object(CakeResponse))
#1 {main}
2016-03-16 11:30:37 Error: [MissingControllerException] Controller class JsController could not be found.
Exception Attributes: array (
  'class' => 'JsController',
  'plugin' => NULL,
)
Request URL: /feedfinder-appmovement/js/L.TileLayer.BetterWMS.js
Stack Trace:
#0 /Applications/MAMP/htdocs/feedfinder-appmovement/app/webroot/index.php(118): Dispatcher->dispatch(Object(CakeRequest), Object(CakeResponse))
#1 {main}
2016-03-16 11:30:37 Error: [MissingControllerException] Controller class JsController could not be found.
Exception Attributes: array (
  'class' => 'JsController',
  'plugin' => NULL,
)
Request URL: /feedfinder-appmovement/js/styledLayerControl.js
Stack Trace:
#0 /Applications/MAMP/htdocs/feedfinder-appmovement/app/webroot/index.php(118): Dispatcher->dispatch(Object(CakeRequest), Object(CakeResponse))
#1 {main}
2016-03-16 11:30:37 Error: [MissingControllerException] Controller class JsController could not be found.
Exception Attributes: array (
  'class' => 'JsController',
  'plugin' => NULL,
)
Request URL: /feedfinder-appmovement/js/leaflet.spin.js
Stack Trace:
#0 /Applications/MAMP/htdocs/feedfinder-appmovement/app/webroot/index.php(118): Dispatcher->dispatch(Object(CakeRequest), Object(CakeResponse))
#1 {main}
2016-03-16 11:30:37 Error: [MissingControllerException] Controller class JsController could not be found.
Exception Attributes: array (
  'class' => 'JsController',
  'plugin' => NULL,
)
Request URL: /feedfinder-appmovement/js/Control.Geocoder.js
Stack Trace:
#0 /Applications/MAMP/htdocs/feedfinder-appmovement/app/webroot/index.php(118): Dispatcher->dispatch(Object(CakeRequest), Object(CakeResponse))
#1 {main}
2016-03-16 11:30:37 Error: [MissingControllerException] Controller class JsController could not be found.
Exception Attributes: array (
  'class' => 'JsController',
  'plugin' => NULL,
)
Request URL: /feedfinder-appmovement/js/L.Control.Locate.min.js
Stack Trace:
#0 /Applications/MAMP/htdocs/feedfinder-appmovement/app/webroot/index.php(118): Dispatcher->dispatch(Object(CakeRequest), Object(CakeResponse))
#1 {main}
2016-03-16 11:30:37 Error: [MissingControllerException] Controller class CssController could not be found.
Exception Attributes: array (
  'class' => 'CssController',
  'plugin' => NULL,
)
Request URL: /feedfinder-appmovement/css/leaflet-sidebar.css
Stack Trace:
#0 /Applications/MAMP/htdocs/feedfinder-appmovement/app/webroot/index.php(118): Dispatcher->dispatch(Object(CakeRequest), Object(CakeResponse))
#1 {main}
2016-03-16 11:30:37 Error: [MissingControllerException] Controller class CssController could not be found.
Exception Attributes: array (
  'class' => 'CssController',
  'plugin' => NULL,
)
Request URL: /feedfinder-appmovement/css/Control.Geocoder.css
Stack Trace:
#0 /Applications/MAMP/htdocs/feedfinder-appmovement/app/webroot/index.php(118): Dispatcher->dispatch(Object(CakeRequest), Object(CakeResponse))
#1 {main}
2016-03-16 11:30:37 Error: [MissingControllerException] Controller class CssController could not be found.
Exception Attributes: array (
  'class' => 'CssController',
  'plugin' => NULL,
)
Request URL: /feedfinder-appmovement/css/stats.css
Stack Trace:
#0 /Applications/MAMP/htdocs/feedfinder-appmovement/app/webroot/index.php(118): Dispatcher->dispatch(Object(CakeRequest), Object(CakeResponse))
#1 {main}
2016-03-16 11:30:37 Error: [MissingControllerException] Controller class CssController could not be found.
Exception Attributes: array (
  'class' => 'CssController',
  'plugin' => NULL,
)
Request URL: /feedfinder-appmovement/css/L.Control.Locate.min.css
Stack Trace:
#0 /Applications/MAMP/htdocs/feedfinder-appmovement/app/webroot/index.php(118): Dispatcher->dispatch(Object(CakeRequest), Object(CakeResponse))
#1 {main}
2016-03-16 11:30:37 Error: [MissingControllerException] Controller class JsController could not be found.
Exception Attributes: array (
  'class' => 'JsController',
  'plugin' => NULL,
)
Request URL: /feedfinder-appmovement/js/leaflet-sidebar.js
Stack Trace:
#0 /Applications/MAMP/htdocs/feedfinder-appmovement/app/webroot/index.php(118): Dispatcher->dispatch(Object(CakeRequest), Object(CakeResponse))
#1 {main}
2016-03-16 11:30:37 Error: [MissingControllerException] Controller class JsController could not be found.
Exception Attributes: array (
  'class' => 'JsController',
  'plugin' => NULL,
)
Request URL: /feedfinder-appmovement/js/spin.min.js
Stack Trace:
#0 /Applications/MAMP/htdocs/feedfinder-appmovement/app/webroot/index.php(118): Dispatcher->dispatch(Object(CakeRequest), Object(CakeResponse))
#1 {main}
2016-03-16 11:30:37 Error: [MissingControllerException] Controller class JsController could not be found.
Exception Attributes: array (
  'class' => 'JsController',
  'plugin' => NULL,
)
Request URL: /feedfinder-appmovement/js/leaflet-map.js
Stack Trace:
#0 /Applications/MAMP/htdocs/feedfinder-appmovement/app/webroot/index.php(118): Dispatcher->dispatch(Object(CakeRequest), Object(CakeResponse))
#1 {main}
2016-03-16 11:33:40 Error: [MissingControllerException] Controller class JsController could not be found.
Exception Attributes: array (
  'class' => 'JsController',
  'plugin' => NULL,
)
Request URL: /feedfinder-appmovement/js/dashboard.js
Stack Trace:
#0 /Applications/MAMP/htdocs/feedfinder-appmovement/app/webroot/index.php(118): Dispatcher->dispatch(Object(CakeRequest), Object(CakeResponse))
#1 {main}
2016-03-16 11:33:40 Error: [MissingControllerException] Controller class CssController could not be found.
Exception Attributes: array (
  'class' => 'CssController',
  'plugin' => NULL,
)
Request URL: /feedfinder-appmovement/css/dashboard.css
Stack Trace:
#0 /Applications/MAMP/htdocs/feedfinder-appmovement/app/webroot/index.php(118): Dispatcher->dispatch(Object(CakeRequest), Object(CakeResponse))
#1 {main}
2016-03-16 11:36:35 Error: [MissingControllerException] Controller class JsController could not be found.
Exception Attributes: array (
  'class' => 'JsController',
  'plugin' => NULL,
)
Request URL: /feedfinder-appmovement/js/dashboard.js
Stack Trace:
#0 /Applications/MAMP/htdocs/feedfinder-appmovement/app/webroot/index.php(118): Dispatcher->dispatch(Object(CakeRequest), Object(CakeResponse))
#1 {main}
2016-03-16 11:36:35 Error: [MissingControllerException] Controller class CssController could not be found.
Exception Attributes: array (
  'class' => 'CssController',
  'plugin' => NULL,
)
Request URL: /feedfinder-appmovement/css/dashboard.css
Stack Trace:
#0 /Applications/MAMP/htdocs/feedfinder-appmovement/app/webroot/index.php(118): Dispatcher->dispatch(Object(CakeRequest), Object(CakeResponse))
#1 {main}
2016-03-16 11:36:40 Error: [MissingControllerException] Controller class CssController could not be found.
Exception Attributes: array (
  'class' => 'CssController',
  'plugin' => NULL,
)
Request URL: /feedfinder-appmovement/css/dashboard.css
Stack Trace:
#0 /Applications/MAMP/htdocs/feedfinder-appmovement/app/webroot/index.php(118): Dispatcher->dispatch(Object(CakeRequest), Object(CakeResponse))
#1 {main}
2016-03-16 11:36:40 Error: [MissingControllerException] Controller class JsController could not be found.
Exception Attributes: array (
  'class' => 'JsController',
  'plugin' => NULL,
)
Request URL: /feedfinder-appmovement/js/dashboard.js
Stack Trace:
#0 /Applications/MAMP/htdocs/feedfinder-appmovement/app/webroot/index.php(118): Dispatcher->dispatch(Object(CakeRequest), Object(CakeResponse))
#1 {main}
2016-03-16 11:36:43 Error: [MissingControllerException] Controller class CssController could not be found.
Exception Attributes: array (
  'class' => 'CssController',
  'plugin' => NULL,
)
Request URL: /feedfinder-appmovement/css/dashboard.css
Stack Trace:
#0 /Applications/MAMP/htdocs/feedfinder-appmovement/app/webroot/index.php(118): Dispatcher->dispatch(Object(CakeRequest), Object(CakeResponse))
#1 {main}
2016-03-16 11:36:48 Error: [MissingControllerException] Controller class CssController could not be found.
Exception Attributes: array (
  'class' => 'CssController',
  'plugin' => NULL,
)
Request URL: /feedfinder-appmovement/css/dashboard.css
Stack Trace:
#0 /Applications/MAMP/htdocs/feedfinder-appmovement/app/webroot/index.php(118): Dispatcher->dispatch(Object(CakeRequest), Object(CakeResponse))
#1 {main}
2016-03-16 11:36:48 Error: [MissingControllerException] Controller class JsController could not be found.
Exception Attributes: array (
  'class' => 'JsController',
  'plugin' => NULL,
)
Request URL: /feedfinder-appmovement/js/dashboard.js
Stack Trace:
#0 /Applications/MAMP/htdocs/feedfinder-appmovement/app/webroot/index.php(118): Dispatcher->dispatch(Object(CakeRequest), Object(CakeResponse))
#1 {main}
2016-03-16 11:37:12 Error: [MissingControllerException] Controller class CssController could not be found.
Exception Attributes: array (
  'class' => 'CssController',
  'plugin' => NULL,
)
Request URL: /feedfinder-appmovement/css/dashboard.css
Stack Trace:
#0 /Applications/MAMP/htdocs/feedfinder-appmovement/app/webroot/index.php(118): Dispatcher->dispatch(Object(CakeRequest), Object(CakeResponse))
#1 {main}
2016-03-16 11:37:12 Error: [MissingControllerException] Controller class JsController could not be found.
Exception Attributes: array (
  'class' => 'JsController',
  'plugin' => NULL,
)
Request URL: /feedfinder-appmovement/js/dashboard.js
Stack Trace:
#0 /Applications/MAMP/htdocs/feedfinder-appmovement/app/webroot/index.php(118): Dispatcher->dispatch(Object(CakeRequest), Object(CakeResponse))
#1 {main}
2016-03-16 11:37:13 Error: [MissingControllerException] Controller class CssController could not be found.
Exception Attributes: array (
  'class' => 'CssController',
  'plugin' => NULL,
)
Request URL: /feedfinder-appmovement/css/dashboard.css
Stack Trace:
#0 /Applications/MAMP/htdocs/feedfinder-appmovement/app/webroot/index.php(118): Dispatcher->dispatch(Object(CakeRequest), Object(CakeResponse))
#1 {main}
2016-03-16 11:37:13 Error: [MissingControllerException] Controller class JsController could not be found.
Exception Attributes: array (
  'class' => 'JsController',
  'plugin' => NULL,
)
Request URL: /feedfinder-appmovement/js/dashboard.js
Stack Trace:
#0 /Applications/MAMP/htdocs/feedfinder-appmovement/app/webroot/index.php(118): Dispatcher->dispatch(Object(CakeRequest), Object(CakeResponse))
#1 {main}
2016-03-16 11:38:31 Error: [MissingControllerException] Controller class JsController could not be found.
Exception Attributes: array (
  'class' => 'JsController',
  'plugin' => NULL,
)
Request URL: /feedfinder-appmovement/js/dashboard.js
Stack Trace:
#0 /Applications/MAMP/htdocs/feedfinder-appmovement/app/webroot/index.php(118): Dispatcher->dispatch(Object(CakeRequest), Object(CakeResponse))
#1 {main}
2016-03-16 11:38:31 Error: [MissingControllerException] Controller class CssController could not be found.
Exception Attributes: array (
  'class' => 'CssController',
  'plugin' => NULL,
)
Request URL: /feedfinder-appmovement/css/dashboard.css
Stack Trace:
#0 /Applications/MAMP/htdocs/feedfinder-appmovement/app/webroot/index.php(118): Dispatcher->dispatch(Object(CakeRequest), Object(CakeResponse))
#1 {main}
2016-03-16 11:38:32 Error: [MissingControllerException] Controller class JsController could not be found.
Exception Attributes: array (
  'class' => 'JsController',
  'plugin' => NULL,
)
Request URL: /feedfinder-appmovement/js/dashboard.js
Stack Trace:
#0 /Applications/MAMP/htdocs/feedfinder-appmovement/app/webroot/index.php(118): Dispatcher->dispatch(Object(CakeRequest), Object(CakeResponse))
#1 {main}
2016-03-16 11:38:32 Error: [MissingControllerException] Controller class CssController could not be found.
Exception Attributes: array (
  'class' => 'CssController',
  'plugin' => NULL,
)
Request URL: /feedfinder-appmovement/css/dashboard.css
Stack Trace:
#0 /Applications/MAMP/htdocs/feedfinder-appmovement/app/webroot/index.php(118): Dispatcher->dispatch(Object(CakeRequest), Object(CakeResponse))
#1 {main}
2016-03-16 11:55:54 Error: [MissingControllerException] Controller class JsController could not be found.
Exception Attributes: array (
  'class' => 'JsController',
  'plugin' => NULL,
)
Request URL: /feedfinder-appmovement/js/google-maps.js
Stack Trace:
#0 /Applications/MAMP/htdocs/feedfinder-appmovement/app/webroot/index.php(118): Dispatcher->dispatch(Object(CakeRequest), Object(CakeResponse))
#1 {main}
